# JRE version: Java(TM) SE Runtime Environment (8.0_291-b10) (build 1.8.0_291-b10)
# Java VM: Java HotSpot(TM) 64-Bit Server VM (25.291-b10 mixed mode windows-amd64 compressed oops)
Heap:
 PSYoungGen      total 146944K, used 83675K [0x00000000f5580000, 0x0000000100000000, 0x0000000100000000)
  eden space 119296K, 62% used [0x00000000f5580000,0x00000000f9e670a8,0x00000000fca00000)
  from space 27648K, 32% used [0x00000000fca00000,0x00000000fd2cfe90,0x00000000fe500000)
  to   space 27136K, 0% used [0x00000000fe580000,0x00000000fe580000,0x0000000100000000)
 ParOldGen       total 175104K, used 62679K [0x00000000e0000000, 0x00000000eab00000, 0x00000000f5580000)
  object space 175104K, 35% used [0x00000000e0000000,0x00000000e3d35e60,0x00000000eab00000)
 Metaspace       used 58211K, capacity 63272K, committed 63448K, reserved 1103872K
  class space    used 7938K, capacity 8853K, committed 8960K, reserved 1048576K
GC Heap History (10 events):
Event: 5263.106 GC heap before
{Heap before GC invocations=18 (full 3):
 PSYoungGen      total 139264K, used 131559K [0x00000000f5580000, 0x0000000100000000, 0x0000000100000000)
  eden space 116224K, 100% used [0x00000000f5580000,0x00000000fc700000,0x00000000fc700000)
  from space 23040K, 66% used [0x00000000fde00000,0x00000000fecf9da0,0x00000000ff480000)
  to   space 23552K, 0% used [0x00000000fc700000,0x00000000fc700000,0x00000000fde00000)
 ParOldGen       total 175104K, used 27612K [0x00000000e0000000, 0x00000000eab00000, 0x00000000f5580000)
  object space 175104K, 15% used [0x00000000e0000000,0x00000000e1af7298,0x00000000eab00000)
 Metaspace       used 56001K, capacity 59490K, committed 59864K, reserved 1101824K
  class space    used 7680K, capacity 8325K, committed 8448K, reserved 1048576K
Event: 5269.612 GC heap after
Heap after GC invocations=18 (full 3):
 PSYoungGen      total 139776K, used 10807K [0x00000000f5580000, 0x00000000ffe80000, 0x0000000100000000)
  eden space 116224K, 0% used [0x00000000f5580000,0x00000000f5580000,0x00000000fc700000)
  from space 23552K, 45% used [0x00000000fc700000,0x00000000fd18de98,0x00000000fde00000)
  to   space 22528K, 0% used [0x00000000fe880000,0x00000000fe880000,0x00000000ffe80000)
 ParOldGen       total 175104K, used 39134K [0x00000000e0000000, 0x00000000eab00000, 0x00000000f5580000)
  object space 175104K, 22% used [0x00000000e0000000,0x00000000e2637810,0x00000000eab00000)
 Metaspace       used 56001K, capacity 59490K, committed 59864K, reserved 1101824K
  class space    used 7680K, capacity 8325K, committed 8448K, reserved 1048576K
}
Event: 5769.472 GC heap before
{Heap before GC invocations=19 (full 3):
 PSYoungGen      total 139776K, used 127031K [0x00000000f5580000, 0x00000000ffe80000, 0x0000000100000000)
  eden space 116224K, 100% used [0x00000000f5580000,0x00000000fc700000,0x00000000fc700000)
  from space 23552K, 45% used [0x00000000fc700000,0x00000000fd18de98,0x00000000fde00000)
  to   space 22528K, 0% used [0x00000000fe880000,0x00000000fe880000,0x00000000ffe80000)
 ParOldGen       total 175104K, used 39134K [0x00000000e0000000, 0x00000000eab00000, 0x00000000f5580000)
  object space 175104K, 22% used [0x00000000e0000000,0x00000000e2637810,0x00000000eab00000)
 Metaspace       used 56569K, capacity 60128K, committed 60376K, reserved 1101824K
  class space    used 7718K, capacity 8418K, committed 8448K, reserved 1048576K
Event: 5769.959 GC heap after
Heap after GC invocations=19 (full 3):
 PSYoungGen      total 147968K, used 20352K [0x00000000f5580000, 0x0000000100000000, 0x0000000100000000)
  eden space 125440K, 0% used [0x00000000f5580000,0x00000000f5580000,0x00000000fd000000)
  from space 22528K, 90% used [0x00000000fe880000,0x00000000ffc60140,0x00000000ffe80000)
  to   space 24576K, 0% used [0x00000000fd000000,0x00000000fd000000,0x00000000fe800000)
 ParOldGen       total 175104K, used 39531K [0x00000000e0000000, 0x00000000eab00000, 0x00000000f5580000)
  object space 175104K, 22% used [0x00000000e0000000,0x00000000e269ae00,0x00000000eab00000)
 Metaspace       used 56569K, capacity 60128K, committed 60376K, reserved 1101824K
  class space    used 7718K, capacity 8418K, committed 8448K, reserved 1048576K
}
Event: 6556.562 GC heap before
{Heap before GC invocations=20 (full 3):
 PSYoungGen      total 147968K, used 145792K [0x00000000f5580000, 0x0000000100000000, 0x0000000100000000)
  eden space 125440K, 100% used [0x00000000f5580000,0x00000000fd000000,0x00000000fd000000)
  from space 22528K, 90% used [0x00000000fe880000,0x00000000ffc60140,0x00000000ffe80000)
  to   space 24576K, 0% used [0x00000000fd000000,0x00000000fd000000,0x00000000fe800000)
 ParOldGen       total 175104K, used 39531K [0x00000000e0000000, 0x00000000eab00000, 0x00000000f5580000)
  object space 175104K, 22% used [0x00000000e0000000,0x00000000e269ae00,0x00000000eab00000)
 Metaspace       used 56844K, capacity 60492K, committed 60632K, reserved 1101824K
  class space    used 7722K, capacity 8424K, committed 8448K, reserved 1048576K
Event: 6557.662 GC heap after
Heap after GC invocations=20 (full 3):
 PSYoungGen      total 145920K, used 19972K [0x00000000f5580000, 0x0000000100000000, 0x0000000100000000)
  eden space 125440K, 0% used [0x00000000f5580000,0x00000000f5580000,0x00000000fd000000)
  from space 20480K, 97% used [0x00000000fd000000,0x00000000fe381108,0x00000000fe400000)
  to   space 26624K, 0% used [0x00000000fe600000,0x00000000fe600000,0x0000000100000000)
 ParOldGen       total 175104K, used 47182K [0x00000000e0000000, 0x00000000eab00000, 0x00000000f5580000)
  object space 175104K, 26% used [0x00000000e0000000,0x00000000e2e138b8,0x00000000eab00000)
 Metaspace       used 56844K, capacity 60492K, committed 60632K, reserved 1101824K
  class space    used 7722K, capacity 8424K, committed 8448K, reserved 1048576K
}
Event: 7372.129 GC heap before
{Heap before GC invocations=21 (full 3):
 PSYoungGen      total 145920K, used 145412K [0x00000000f5580000, 0x0000000100000000, 0x0000000100000000)
  eden space 125440K, 100% used [0x00000000f5580000,0x00000000fd000000,0x00000000fd000000)
  from space 20480K, 97% used [0x00000000fd000000,0x00000000fe381108,0x00000000fe400000)
  to   space 26624K, 0% used [0x00000000fe600000,0x00000000fe600000,0x0000000100000000)
 ParOldGen       total 175104K, used 47182K [0x00000000e0000000, 0x00000000eab00000, 0x00000000f5580000)
  object space 175104K, 26% used [0x00000000e0000000,0x00000000e2e138b8,0x00000000eab00000)
 Metaspace       used 57055K, capacity 60688K, committed 61016K, reserved 1101824K
  class space    used 7736K, capacity 8467K, committed 8576K, reserved 1048576K
Event: 7372.656 GC heap after
Heap after GC invocations=21 (full 3):
 PSYoungGen      total 145920K, used 19719K [0x00000000f5580000, 0x0000000100000000, 0x0000000100000000)
  eden space 119296K, 0% used [0x00000000f5580000,0x00000000f5580000,0x00000000fca00000)
  from space 26624K, 74% used [0x00000000fe600000,0x00000000ff941c30,0x0000000100000000)
  to   space 27648K, 0% used [0x00000000fca00000,0x00000000fca00000,0x00000000fe500000)
 ParOldGen       total 175104K, used 54854K [0x00000000e0000000, 0x00000000eab00000, 0x00000000f5580000)
  object space 175104K, 31% used [0x00000000e0000000,0x00000000e3591808,0x00000000eab00000)
 Metaspace       used 57055K, capacity 60688K, committed 61016K, reserved 1101824K
  class space    used 7736K, capacity 8467K, committed 8576K, reserved 1048576K
}
Event: 8930.496 GC heap before
{Heap before GC invocations=22 (full 3):
 PSYoungGen      total 145920K, used 139015K [0x00000000f5580000, 0x0000000100000000, 0x0000000100000000)
  eden space 119296K, 100% used [0x00000000f5580000,0x00000000fca00000,0x00000000fca00000)
  from space 26624K, 74% used [0x00000000fe600000,0x00000000ff941c30,0x0000000100000000)
  to   space 27648K, 0% used [0x00000000fca00000,0x00000000fca00000,0x00000000fe500000)
 ParOldGen       total 175104K, used 54854K [0x00000000e0000000, 0x00000000eab00000, 0x00000000f5580000)
  object space 175104K, 31% used [0x00000000e0000000,0x00000000e3591808,0x00000000eab00000)
 Metaspace       used 57320K, capacity 61150K, committed 61272K, reserved 1101824K
  class space    used 7748K, capacity 8510K, committed 8576K, reserved 1048576K
Event: 8933.034 GC heap after
Heap after GC invocations=22 (full 3):
 PSYoungGen      total 146944K, used 9023K [0x00000000f5580000, 0x0000000100000000, 0x0000000100000000)
  eden space 119296K, 0% used [0x00000000f5580000,0x00000000f5580000,0x00000000fca00000)
  from space 27648K, 32% used [0x00000000fca00000,0x00000000fd2cfe90,0x00000000fe500000)
  to   space 27136K, 0% used [0x00000000fe580000,0x00000000fe580000,0x0000000100000000)
 ParOldGen       total 175104K, used 62679K [0x00000000e0000000, 0x00000000eab00000, 0x00000000f5580000)
  object space 175104K, 35% used [0x00000000e0000000,0x00000000e3d35e60,0x00000000eab00000)
 Metaspace       used 57320K, capacity 61150K, committed 61272K, reserved 1101824K
  class space    used 7748K, capacity 8510K, committed 8576K, reserved 1048576K
}

